<?xml version="1.0" encoding="UTF-8"?>
<!-- Generated by org.testng.reporters.JUnitReportReporter -->
<testsuite hostname="DESKTOP-CL6B6RR" failures="0" tests="1" name="demo.appLaunch" time="8.810" errors="0" timestamp="2025-03-12T15:50:47 IST" skipped="0">
  <testcase classname="demo.appLaunch" name="myMobile" time="8.810"/>
  <system-out/>
</testsuite> <!-- demo.appLaunch -->
